2025-12-24T21:35:57.275692 | START channel: tv-senado
2025-12-24T21:35:57.276305 | START channel: tv-camara
2025-12-24T21:35:57.276841 | START channel: tv-escola
2025-12-24T21:35:57.280500 | START channel: history-channel
2025-12-24T21:35:57.281825 | START channel: rit
2025-12-24T21:35:57.282999 | START channel: multishow
2025-12-24T21:35:58.299708 | SAVED today → schedule/today/tv-camara.json (19 shows)
2025-12-24T21:35:58.465037 | SAVED tomorrow → schedule/tomorrow/tv-camara.json (27 shows)
2025-12-24T21:35:58.523975 | START channel: fox-sports
2025-12-24T21:35:58.550481 | SAVED today → schedule/today/multishow.json (44 shows)
2025-12-24T21:35:58.571319 | SAVED today → schedule/today/tv-senado.json (27 shows)
2025-12-24T21:35:58.598353 | SAVED tomorrow → schedule/tomorrow/multishow.json (64 shows)
2025-12-24T21:35:58.598658 | START channel: h2
2025-12-24T21:35:58.598720 | SAVED tomorrow → schedule/tomorrow/tv-senado.json (26 shows)
2025-12-24T21:35:58.610451 | SAVED today → schedule/today/history-channel.json (31 shows)
2025-12-24T21:35:58.610526 | SAVED today → schedule/today/rit.json (26 shows)
2025-12-24T21:35:58.610838 | START channel: food-network
2025-12-24T21:35:58.637064 | SAVED tomorrow → schedule/tomorrow/rit.json (26 shows)
2025-12-24T21:35:58.637251 | SAVED tomorrow → schedule/tomorrow/history-channel.json (31 shows)
2025-12-24T21:35:58.637742 | START channel: national-geographic
2025-12-24T21:35:58.638763 | SAVED today → schedule/today/tv-escola.json (56 shows)
2025-12-24T21:35:58.639077 | START channel: discovery-kids
2025-12-24T21:35:58.640653 | SAVED tomorrow → schedule/tomorrow/tv-escola.json (49 shows)
2025-12-24T21:35:58.640723 | START channel: discovery-turbo
2025-12-24T21:35:59.506550 | SAVED today → schedule/today/fox-sports.json (14 shows)
2025-12-24T21:35:59.506858 | SAVED tomorrow → schedule/tomorrow/fox-sports.json (17 shows)
2025-12-24T21:35:59.506927 | START channel: tv-cabo-branco
2025-12-24T21:35:59.596561 | SAVED today → schedule/today/national-geographic.json (34 shows)
2025-12-24T21:35:59.637708 | SAVED tomorrow → schedule/tomorrow/national-geographic.json (33 shows)
2025-12-24T21:35:59.647998 | START channel: hgtv
2025-12-24T21:35:59.667599 | SAVED today → schedule/today/discovery-turbo.json (34 shows)
2025-12-24T21:35:59.668009 | SAVED tomorrow → schedule/tomorrow/discovery-turbo.json (32 shows)
2025-12-24T21:35:59.668069 | START channel: tv-aratu
2025-12-24T21:35:59.847852 | SAVED today → schedule/today/h2.json (29 shows)
2025-12-24T21:35:59.884602 | SAVED tomorrow → schedule/tomorrow/h2.json (29 shows)
2025-12-24T21:35:59.886979 | START channel: gloob
2025-12-24T21:35:59.892181 | SAVED today → schedule/today/food-network.json (46 shows)
2025-12-24T21:35:59.892879 | SAVED tomorrow → schedule/tomorrow/food-network.json (47 shows)
2025-12-24T21:35:59.892956 | START channel: gnt
2025-12-24T21:36:00.665960 | SAVED today → schedule/today/tv-cabo-branco.json (23 shows)
2025-12-24T21:36:00.669049 | SAVED tomorrow → schedule/tomorrow/tv-cabo-branco.json (22 shows)
2025-12-24T21:36:00.937677 | SAVED today → schedule/today/tv-aratu.json (20 shows)
2025-12-24T21:36:01.033864 | SAVED tomorrow → schedule/tomorrow/tv-aratu.json (20 shows)
2025-12-24T21:36:01.039701 | SAVED today → schedule/today/discovery-kids.json (117 shows)
2025-12-24T21:36:01.079382 | SAVED tomorrow → schedule/tomorrow/discovery-kids.json (105 shows)
2025-12-24T21:36:01.098851 | SAVED today → schedule/today/hgtv.json (54 shows)
2025-12-24T21:36:01.099394 | SAVED tomorrow → schedule/tomorrow/hgtv.json (51 shows)
2025-12-24T21:36:01.356353 | SAVED today → schedule/today/gnt.json (33 shows)
2025-12-24T21:36:01.382474 | SAVED tomorrow → schedule/tomorrow/gnt.json (32 shows)
2025-12-24T21:36:01.488891 | SAVED today → schedule/today/gloob.json (76 shows)
2025-12-24T21:36:01.489594 | SAVED tomorrow → schedule/tomorrow/gloob.json (75 shows)
